# JRE version: Java(TM) SE Runtime Environment (17.0.7+8) (build 17.0.7+8-LTS-224)
# Java VM: Java HotSpot(TM) 64-Bit Server VM (17.0.7+8-LTS-224, mixed mode, sharing, tiered, compressed oops, compressed class ptrs, g1 gc, windows-amd64)
GC Precious Log:
 CPUs: 16 total, 16 available
 Memory: 32043M
 Large Page Support: Disabled
 NUMA Support: Disabled
 Compressed Oops: Enabled (Zero based)
 Heap Region Size: 4M
 Heap Min Capacity: 8M
 Heap Initial Capacity: 504M
 Heap Max Capacity: 8012M
 Pre-touch: Disabled
 Parallel Workers: 13
 Concurrent Workers: 3
 Concurrent Refinement Workers: 13
 Periodic GC: Disabled
Heap:
 garbage-first heap   total 69632K, used 24359K [0x000000060b400000, 0x0000000800000000)
  region size 4096K, 2 young (8192K), 1 survivors (4096K)
 Metaspace       used 55285K, committed 55744K, reserved 1097728K
  class space    used 7610K, committed 7808K, reserved 1048576K
GC Heap History (20 events):
Event: 0.805 GC heap before
{Heap before GC invocations=1 (full 0):
 garbage-first heap   total 516096K, used 27001K [0x000000060b400000, 0x0000000800000000)
  region size 4096K, 6 young (24576K), 1 survivors (4096K)
 Metaspace       used 10378K, committed 10624K, reserved 1064960K
  class space    used 1293K, committed 1408K, reserved 1048576K
}
Event: 0.807 GC heap after
{Heap after GC invocations=2 (full 0):
 garbage-first heap   total 516096K, used 8242K [0x000000060b400000, 0x0000000800000000)
  region size 4096K, 1 young (4096K), 1 survivors (4096K)
 Metaspace       used 10378K, committed 10624K, reserved 1064960K
  class space    used 1293K, committed 1408K, reserved 1048576K
}
Event: 1.289 GC heap before
{Heap before GC invocations=2 (full 0):
 garbage-first heap   total 516096K, used 61490K [0x000000060b400000, 0x0000000800000000)
  region size 4096K, 14 young (57344K), 1 survivors (4096K)
 Metaspace       used 20260K, committed 20416K, reserved 1073152K
  class space    used 2546K, committed 2624K, reserved 1048576K
}
Event: 1.291 GC heap after
{Heap after GC invocations=3 (full 0):
 garbage-first heap   total 516096K, used 12624K [0x000000060b400000, 0x0000000800000000)
  region size 4096K, 2 young (8192K), 2 survivors (8192K)
 Metaspace       used 20260K, committed 20416K, reserved 1073152K
  class space    used 2546K, committed 2624K, reserved 1048576K
}
Event: 1.410 GC heap before
{Heap before GC invocations=3 (full 0):
 garbage-first heap   total 516096K, used 24912K [0x000000060b400000, 0x0000000800000000)
  region size 4096K, 6 young (24576K), 2 survivors (8192K)
 Metaspace       used 21314K, committed 21504K, reserved 1073152K
  class space    used 2679K, committed 2752K, reserved 1048576K
}
Event: 1.412 GC heap after
{Heap after GC invocations=4 (full 0):
 garbage-first heap   total 516096K, used 13238K [0x000000060b400000, 0x0000000800000000)
  region size 4096K, 2 young (8192K), 2 survivors (8192K)
 Metaspace       used 21314K, committed 21504K, reserved 1073152K
  class space    used 2679K, committed 2752K, reserved 1048576K
}
Event: 1.829 GC heap before
{Heap before GC invocations=5 (full 0):
 garbage-first heap   total 69632K, used 46006K [0x000000060b400000, 0x0000000800000000)
  region size 4096K, 10 young (40960K), 2 survivors (8192K)
 Metaspace       used 26264K, committed 26624K, reserved 1073152K
  class space    used 3406K, committed 3584K, reserved 1048576K
}
Event: 1.833 GC heap after
{Heap after GC invocations=6 (full 0):
 garbage-first heap   total 69632K, used 15749K [0x000000060b400000, 0x0000000800000000)
  region size 4096K, 1 young (4096K), 1 survivors (4096K)
 Metaspace       used 26264K, committed 26624K, reserved 1073152K
  class space    used 3406K, committed 3584K, reserved 1048576K
}
Event: 1.913 GC heap before
{Heap before GC invocations=6 (full 0):
 garbage-first heap   total 69632K, used 19845K [0x000000060b400000, 0x0000000800000000)
  region size 4096K, 2 young (8192K), 1 survivors (4096K)
 Metaspace       used 27250K, committed 27584K, reserved 1081344K
  class space    used 3534K, committed 3712K, reserved 1048576K
}
Event: 1.916 GC heap after
{Heap after GC invocations=7 (full 0):
 garbage-first heap   total 69632K, used 16568K [0x000000060b400000, 0x0000000800000000)
  region size 4096K, 1 young (4096K), 1 survivors (4096K)
 Metaspace       used 27250K, committed 27584K, reserved 1081344K
  class space    used 3534K, committed 3712K, reserved 1048576K
}
Event: 2.335 GC heap before
{Heap before GC invocations=7 (full 0):
 garbage-first heap   total 69632K, used 41144K [0x000000060b400000, 0x0000000800000000)
  region size 4096K, 7 young (28672K), 1 survivors (4096K)
 Metaspace       used 31267K, committed 31744K, reserved 1081344K
  class space    used 4059K, committed 4288K, reserved 1048576K
}
Event: 2.337 GC heap after
{Heap after GC invocations=8 (full 0):
 garbage-first heap   total 69632K, used 18362K [0x000000060b400000, 0x0000000800000000)
  region size 4096K, 1 young (4096K), 1 survivors (4096K)
 Metaspace       used 31267K, committed 31744K, reserved 1081344K
  class space    used 4059K, committed 4288K, reserved 1048576K
}
Event: 2.673 GC heap before
{Heap before GC invocations=8 (full 0):
 garbage-first heap   total 69632K, used 34746K [0x000000060b400000, 0x0000000800000000)
  region size 4096K, 6 young (24576K), 1 survivors (4096K)
 Metaspace       used 35650K, committed 36096K, reserved 1081344K
  class space    used 4685K, committed 4928K, reserved 1048576K
}
Event: 2.675 GC heap after
{Heap after GC invocations=9 (full 0):
 garbage-first heap   total 69632K, used 19548K [0x000000060b400000, 0x0000000800000000)
  region size 4096K, 1 young (4096K), 1 survivors (4096K)
 Metaspace       used 35650K, committed 36096K, reserved 1081344K
  class space    used 4685K, committed 4928K, reserved 1048576K
}
Event: 3.106 GC heap before
{Heap before GC invocations=10 (full 0):
 garbage-first heap   total 69632K, used 44124K [0x000000060b400000, 0x0000000800000000)
  region size 4096K, 7 young (28672K), 1 survivors (4096K)
 Metaspace       used 42321K, committed 42752K, reserved 1089536K
  class space    used 5634K, committed 5824K, reserved 1048576K
}
Event: 3.108 GC heap after
{Heap after GC invocations=11 (full 0):
 garbage-first heap   total 69632K, used 21044K [0x000000060b400000, 0x0000000800000000)
  region size 4096K, 1 young (4096K), 1 survivors (4096K)
 Metaspace       used 42321K, committed 42752K, reserved 1089536K
  class space    used 5634K, committed 5824K, reserved 1048576K
}
Event: 3.391 GC heap before
{Heap before GC invocations=11 (full 0):
 garbage-first heap   total 69632K, used 45620K [0x000000060b400000, 0x0000000800000000)
  region size 4096K, 7 young (28672K), 1 survivors (4096K)
 Metaspace       used 49425K, committed 49856K, reserved 1097728K
  class space    used 6717K, committed 6912K, reserved 1048576K
}
Event: 3.394 GC heap after
{Heap after GC invocations=12 (full 0):
 garbage-first heap   total 69632K, used 22417K [0x000000060b400000, 0x0000000800000000)
  region size 4096K, 1 young (4096K), 1 survivors (4096K)
 Metaspace       used 49425K, committed 49856K, reserved 1097728K
  class space    used 6717K, committed 6912K, reserved 1048576K
}
Event: 3.708 GC heap before
{Heap before GC invocations=12 (full 0):
 garbage-first heap   total 69632K, used 51089K [0x000000060b400000, 0x0000000800000000)
  region size 4096K, 8 young (32768K), 1 survivors (4096K)
 Metaspace       used 55121K, committed 55616K, reserved 1097728K
  class space    used 7580K, committed 7808K, reserved 1048576K
}
Event: 3.710 GC heap after
{Heap after GC invocations=13 (full 0):
 garbage-first heap   total 69632K, used 24359K [0x000000060b400000, 0x0000000800000000)
  region size 4096K, 1 young (4096K), 1 survivors (4096K)
 Metaspace       used 55121K, committed 55616K, reserved 1097728K
  class space    used 7580K, committed 7808K, reserved 1048576K
}

