# JRE version: Java(TM) SE Runtime Environment (17.0.7+8) (build 17.0.7+8-LTS-224)
# Java VM: Java HotSpot(TM) 64-Bit Server VM (17.0.7+8-LTS-224, mixed mode, sharing, tiered, compressed oops, compressed class ptrs, g1 gc, windows-amd64)
GC Precious Log:
 CPUs: 16 total, 16 available
 Memory: 32043M
 Large Page Support: Disabled
 NUMA Support: Disabled
 Compressed Oops: Enabled (Zero based)
 Heap Region Size: 4M
 Heap Min Capacity: 8M
 Heap Initial Capacity: 504M
 Heap Max Capacity: 8012M
 Pre-touch: Disabled
 Parallel Workers: 13
 Concurrent Workers: 3
 Concurrent Refinement Workers: 13
 Periodic GC: Disabled
Heap:
 garbage-first heap   total 69632K, used 26454K [0x000000060b400000, 0x0000000800000000)
  region size 4096K, 5 young (20480K), 1 survivors (4096K)
 Metaspace       used 39262K, committed 39616K, reserved 1089536K
  class space    used 5146K, committed 5312K, reserved 1048576K
GC Heap History (16 events):
Event: 0.383 GC heap before
{Heap before GC invocations=0 (full 0):
 garbage-first heap   total 516096K, used 20480K [0x000000060b400000, 0x0000000800000000)
  region size 4096K, 6 young (24576K), 0 survivors (0K)
 Metaspace       used 5609K, committed 5760K, reserved 1056768K
  class space    used 642K, committed 704K, reserved 1048576K
}
Event: 0.386 GC heap after
{Heap after GC invocations=1 (full 0):
 garbage-first heap   total 516096K, used 6258K [0x000000060b400000, 0x0000000800000000)
  region size 4096K, 1 young (4096K), 1 survivors (4096K)
 Metaspace       used 5609K, committed 5760K, reserved 1056768K
  class space    used 642K, committed 704K, reserved 1048576K
}
Event: 0.590 GC heap before
{Heap before GC invocations=1 (full 0):
 garbage-first heap   total 516096K, used 26738K [0x000000060b400000, 0x0000000800000000)
  region size 4096K, 6 young (24576K), 1 survivors (4096K)
 Metaspace       used 10775K, committed 10944K, reserved 1064960K
  class space    used 1291K, committed 1344K, reserved 1048576K
}
Event: 0.591 GC heap after
{Heap after GC invocations=2 (full 0):
 garbage-first heap   total 516096K, used 7769K [0x000000060b400000, 0x0000000800000000)
  region size 4096K, 1 young (4096K), 1 survivors (4096K)
 Metaspace       used 10775K, committed 10944K, reserved 1064960K
  class space    used 1291K, committed 1344K, reserved 1048576K
}
Event: 1.064 GC heap before
{Heap before GC invocations=2 (full 0):
 garbage-first heap   total 516096K, used 61017K [0x000000060b400000, 0x0000000800000000)
  region size 4096K, 14 young (57344K), 1 survivors (4096K)
 Metaspace       used 19628K, committed 19840K, reserved 1073152K
  class space    used 2388K, committed 2496K, reserved 1048576K
}
Event: 1.067 GC heap after
{Heap after GC invocations=3 (full 0):
 garbage-first heap   total 516096K, used 11798K [0x000000060b400000, 0x0000000800000000)
  region size 4096K, 2 young (8192K), 2 survivors (8192K)
 Metaspace       used 19628K, committed 19840K, reserved 1073152K
  class space    used 2388K, committed 2496K, reserved 1048576K
}
Event: 1.190 GC heap before
{Heap before GC invocations=3 (full 0):
 garbage-first heap   total 516096K, used 19990K [0x000000060b400000, 0x0000000800000000)
  region size 4096K, 5 young (20480K), 2 survivors (8192K)
 Metaspace       used 21242K, committed 21504K, reserved 1073152K
  class space    used 2635K, committed 2752K, reserved 1048576K
}
Event: 1.192 GC heap after
{Heap after GC invocations=4 (full 0):
 garbage-first heap   total 516096K, used 12985K [0x000000060b400000, 0x0000000800000000)
  region size 4096K, 2 young (8192K), 2 survivors (8192K)
 Metaspace       used 21242K, committed 21504K, reserved 1073152K
  class space    used 2635K, committed 2752K, reserved 1048576K
}
Event: 1.669 GC heap before
{Heap before GC invocations=5 (full 0):
 garbage-first heap   total 69632K, used 45753K [0x000000060b400000, 0x0000000800000000)
  region size 4096K, 10 young (40960K), 2 survivors (8192K)
 Metaspace       used 27526K, committed 27968K, reserved 1081344K
  class space    used 3476K, committed 3712K, reserved 1048576K
}
Event: 1.673 GC heap after
{Heap after GC invocations=6 (full 0):
 garbage-first heap   total 69632K, used 16179K [0x000000060b400000, 0x0000000800000000)
  region size 4096K, 2 young (8192K), 2 survivors (8192K)
 Metaspace       used 27526K, committed 27968K, reserved 1081344K
  class space    used 3476K, committed 3712K, reserved 1048576K
}
Event: 1.731 GC heap before
{Heap before GC invocations=6 (full 0):
 garbage-first heap   total 69632K, used 20275K [0x000000060b400000, 0x0000000800000000)
  region size 4096K, 3 young (12288K), 2 survivors (8192K)
 Metaspace       used 28052K, committed 28544K, reserved 1081344K
  class space    used 3551K, committed 3776K, reserved 1048576K
}
Event: 1.734 GC heap after
{Heap after GC invocations=7 (full 0):
 garbage-first heap   total 69632K, used 16939K [0x000000060b400000, 0x0000000800000000)
  region size 4096K, 1 young (4096K), 1 survivors (4096K)
 Metaspace       used 28052K, committed 28544K, reserved 1081344K
  class space    used 3551K, committed 3776K, reserved 1048576K
}
Event: 2.157 GC heap before
{Heap before GC invocations=7 (full 0):
 garbage-first heap   total 69632K, used 45611K [0x000000060b400000, 0x0000000800000000)
  region size 4096K, 8 young (32768K), 1 survivors (4096K)
 Metaspace       used 35004K, committed 35456K, reserved 1081344K
  class space    used 4463K, committed 4672K, reserved 1048576K
}
Event: 2.159 GC heap after
{Heap after GC invocations=8 (full 0):
 garbage-first heap   total 69632K, used 18177K [0x000000060b400000, 0x0000000800000000)
  region size 4096K, 1 young (4096K), 1 survivors (4096K)
 Metaspace       used 35004K, committed 35456K, reserved 1081344K
  class space    used 4463K, committed 4672K, reserved 1048576K
}
Event: 2.194 GC heap before
{Heap before GC invocations=8 (full 0):
 garbage-first heap   total 69632K, used 18177K [0x000000060b400000, 0x0000000800000000)
  region size 4096K, 2 young (8192K), 1 survivors (4096K)
 Metaspace       used 35816K, committed 36160K, reserved 1081344K
  class space    used 4577K, committed 4736K, reserved 1048576K
}
Event: 2.195 GC heap after
{Heap after GC invocations=9 (full 0):
 garbage-first heap   total 69632K, used 18262K [0x000000060b400000, 0x0000000800000000)
  region size 4096K, 1 young (4096K), 1 survivors (4096K)
 Metaspace       used 35816K, committed 36160K, reserved 1081344K
  class space    used 4577K, committed 4736K, reserved 1048576K
}

