# JRE version: Java(TM) SE Runtime Environment (17.0.7+8) (build 17.0.7+8-LTS-224)
# Java VM: Java HotSpot(TM) 64-Bit Server VM (17.0.7+8-LTS-224, mixed mode, sharing, tiered, compressed oops, compressed class ptrs, g1 gc, windows-amd64)
GC Precious Log:
 CPUs: 16 total, 16 available
 Memory: 32043M
 Large Page Support: Disabled
 NUMA Support: Disabled
 Compressed Oops: Enabled (Zero based)
 Heap Region Size: 4M
 Heap Min Capacity: 8M
 Heap Initial Capacity: 504M
 Heap Max Capacity: 8012M
 Pre-touch: Disabled
 Parallel Workers: 13
 Concurrent Workers: 3
 Concurrent Refinement Workers: 13
 Periodic GC: Disabled
Heap:
 garbage-first heap   total 69632K, used 20280K [0x000000060b400000, 0x0000000800000000)
  region size 4096K, 2 young (8192K), 1 survivors (4096K)
 Metaspace       used 35838K, committed 36288K, reserved 1081344K
  class space    used 4681K, committed 4928K, reserved 1048576K
GC Heap History (16 events):
Event: 0.361 GC heap before
{Heap before GC invocations=0 (full 0):
 garbage-first heap   total 516096K, used 24576K [0x000000060b400000, 0x0000000800000000)
  region size 4096K, 6 young (24576K), 0 survivors (0K)
 Metaspace       used 5067K, committed 5248K, reserved 1056768K
  class space    used 563K, committed 640K, reserved 1048576K
}
Event: 0.364 GC heap after
{Heap after GC invocations=1 (full 0):
 garbage-first heap   total 516096K, used 6542K [0x000000060b400000, 0x0000000800000000)
  region size 4096K, 1 young (4096K), 1 survivors (4096K)
 Metaspace       used 5067K, committed 5248K, reserved 1056768K
  class space    used 563K, committed 640K, reserved 1048576K
}
Event: 0.613 GC heap before
{Heap before GC invocations=1 (full 0):
 garbage-first heap   total 516096K, used 27022K [0x000000060b400000, 0x0000000800000000)
  region size 4096K, 6 young (24576K), 1 survivors (4096K)
 Metaspace       used 10324K, committed 10496K, reserved 1064960K
  class space    used 1288K, committed 1344K, reserved 1048576K
}
Event: 0.615 GC heap after
{Heap after GC invocations=2 (full 0):
 garbage-first heap   total 516096K, used 8228K [0x000000060b400000, 0x0000000800000000)
  region size 4096K, 1 young (4096K), 1 survivors (4096K)
 Metaspace       used 10324K, committed 10496K, reserved 1064960K
  class space    used 1288K, committed 1344K, reserved 1048576K
}
Event: 0.916 GC heap before
{Heap before GC invocations=2 (full 0):
 garbage-first heap   total 516096K, used 53284K [0x000000060b400000, 0x0000000800000000)
  region size 4096K, 12 young (49152K), 1 survivors (4096K)
 Metaspace       used 19487K, committed 19712K, reserved 1073152K
  class space    used 2467K, committed 2560K, reserved 1048576K
}
Event: 0.918 GC heap after
{Heap after GC invocations=3 (full 0):
 garbage-first heap   total 516096K, used 11838K [0x000000060b400000, 0x0000000800000000)
  region size 4096K, 2 young (8192K), 2 survivors (8192K)
 Metaspace       used 19487K, committed 19712K, reserved 1073152K
  class space    used 2467K, committed 2560K, reserved 1048576K
}
Event: 1.105 GC heap before
{Heap before GC invocations=3 (full 0):
 garbage-first heap   total 516096K, used 32318K [0x000000060b400000, 0x0000000800000000)
  region size 4096K, 8 young (32768K), 2 survivors (8192K)
 Metaspace       used 21235K, committed 21504K, reserved 1073152K
  class space    used 2670K, committed 2752K, reserved 1048576K
}
Event: 1.107 GC heap after
{Heap after GC invocations=4 (full 0):
 garbage-first heap   total 516096K, used 13277K [0x000000060b400000, 0x0000000800000000)
  region size 4096K, 2 young (8192K), 2 survivors (8192K)
 Metaspace       used 21235K, committed 21504K, reserved 1073152K
  class space    used 2670K, committed 2752K, reserved 1048576K
}
Event: 1.550 GC heap before
{Heap before GC invocations=5 (full 0):
 garbage-first heap   total 69632K, used 46045K [0x000000060b400000, 0x0000000800000000)
  region size 4096K, 10 young (40960K), 2 survivors (8192K)
 Metaspace       used 25779K, committed 26176K, reserved 1073152K
  class space    used 3313K, committed 3456K, reserved 1048576K
}
Event: 1.554 GC heap after
{Heap after GC invocations=6 (full 0):
 garbage-first heap   total 69632K, used 15410K [0x000000060b400000, 0x0000000800000000)
  region size 4096K, 2 young (8192K), 2 survivors (8192K)
 Metaspace       used 25779K, committed 26176K, reserved 1073152K
  class space    used 3313K, committed 3456K, reserved 1048576K
}
Event: 1.630 GC heap before
{Heap before GC invocations=6 (full 0):
 garbage-first heap   total 69632K, used 19506K [0x000000060b400000, 0x0000000800000000)
  region size 4096K, 3 young (12288K), 2 survivors (8192K)
 Metaspace       used 26742K, committed 27136K, reserved 1073152K
  class space    used 3457K, committed 3648K, reserved 1048576K
}
Event: 1.633 GC heap after
{Heap after GC invocations=7 (full 0):
 garbage-first heap   total 69632K, used 16864K [0x000000060b400000, 0x0000000800000000)
  region size 4096K, 1 young (4096K), 1 survivors (4096K)
 Metaspace       used 26742K, committed 27136K, reserved 1073152K
  class space    used 3457K, committed 3648K, reserved 1048576K
}
Event: 2.062 GC heap before
{Heap before GC invocations=7 (full 0):
 garbage-first heap   total 69632K, used 45536K [0x000000060b400000, 0x0000000800000000)
  region size 4096K, 8 young (32768K), 1 survivors (4096K)
 Metaspace       used 31919K, committed 32448K, reserved 1081344K
  class space    used 4105K, committed 4352K, reserved 1048576K
}
Event: 2.064 GC heap after
{Heap after GC invocations=8 (full 0):
 garbage-first heap   total 69632K, used 19205K [0x000000060b400000, 0x0000000800000000)
  region size 4096K, 1 young (4096K), 1 survivors (4096K)
 Metaspace       used 31919K, committed 32448K, reserved 1081344K
  class space    used 4105K, committed 4352K, reserved 1048576K
}
Event: 2.316 GC heap before
{Heap before GC invocations=8 (full 0):
 garbage-first heap   total 69632K, used 35589K [0x000000060b400000, 0x0000000800000000)
  region size 4096K, 6 young (24576K), 1 survivors (4096K)
 Metaspace       used 35499K, committed 35968K, reserved 1081344K
  class space    used 4637K, committed 4864K, reserved 1048576K
}
Event: 2.318 GC heap after
{Heap after GC invocations=9 (full 0):
 garbage-first heap   total 69632K, used 20280K [0x000000060b400000, 0x0000000800000000)
  region size 4096K, 1 young (4096K), 1 survivors (4096K)
 Metaspace       used 35499K, committed 35968K, reserved 1081344K
  class space    used 4637K, committed 4864K, reserved 1048576K
}

